Arguments: 
  /Users/rv/.nvm/versions/node/v18.16.0/bin/node /opt/homebrew/Cellar/yarn/1.22.19/libexec/bin/yarn.js init

PATH: 
  /Users/rv/.nvm/versions/node/v18.16.0/bin:/opt/homebrew/opt/openjdk@11/bin:/Users/rv/miniforge3/bin:/Users/rv/miniforge3/condabin:/opt/homebrew/bin:/opt/homebrew/sbin:/usr/local/bin:/usr/bin:/bin:/usr/sbin:/sbin:/Users/rv/.cargo/bin:/Users/rv/Library/Application Support/Coursier/bin

Yarn version: 
  1.22.19

Node version: 
  18.16.0

Platform: 
  darwin arm64

Trace: 
  Error: canceled
      at Interface.<anonymous> (/opt/homebrew/Cellar/yarn/1.22.19/libexec/lib/cli.js:137150:13)
      at Interface.emit (node:events:513:28)
      at [_ttyWrite] [as _ttyWrite] (node:internal/readline/interface:1131:18)
      at ReadStream.onkeypress (node:internal/readline/interface:270:20)
      at ReadStream.emit (node:events:513:28)
      at emitKeys (node:internal/readline/utils:357:14)
      at emitKeys.next (<anonymous>)
      at ReadStream.onData (node:internal/readline/emitKeypressEvents:64:36)
      at ReadStream.emit (node:events:513:28)
      at addChunk (node:internal/streams/readable:324:12)

npm manifest: 
  {
    "name": "serverless-puppeteer",
    "version": "0.1.0",
    "bin": {
      "serverless-puppeteer": "bin/serverless-puppeteer.js"
    },
    "scripts": {
      "build": "tsc",
      "watch": "tsc -w",
      "test": "jest",
      "cdk": "cdk",
      "init": "git clone --depth=1 'https://github.com/sparticuz/chromium.git' && cd chromium && make chromium.zip"
    },
    "devDependencies": {
      "@types/jest": "^29.4.0",
      "@types/node": "18.14.6",
      "aws-cdk": "2.73.0",
      "jest": "^29.5.0",
      "ts-jest": "^29.0.5",
      "ts-node": "^10.9.1",
      "typescript": "~4.9.5"
    },
    "dependencies": {
      "@aws-cdk/aws-s3-deployment": "^1.203.0",
      "@sparticuz/chromium": "^109.0.5",
      "aws-cdk-lib": "2.73.0",
      "constructs": "^10.0.0",
      "puppeteer-core": "19.4",
      "source-map-support": "^0.5.21"
    }
  }

yarn manifest: 
  No manifest

Lockfile: 
  No lockfile
